<?xml version="1.0" encoding="UTF-8"?>
<!-- Generated by org.testng.reporters.JUnitReportReporter -->
<testsuite hostname="LIN66016821" failures="0" tests="1" name="Test.LoginTest1" time="8.983" errors="0" timestamp="2023-01-24T14:58:31 IST" skipped="0">
  <testcase classname="Test.LoginTest1" name="Login" time="8.983"/>
  <system-out/>
</testsuite> <!-- Test.LoginTest1 -->
